<?xml version="1.0" encoding="UTF-8"?>
<!-- Generated by org.testng.reporters.JUnitReportReporter -->
<testsuite hostname="Poojas-MBP.lan" failures="0" tests="1" name="com.nn.apibootcamp.utilities.ExcelUtility2" time="0.012" errors="0" timestamp="2025-02-09T19:09:22 EST" skipped="0">
  <testcase classname="com.nn.apibootcamp.utilities.ExcelUtility2" name="DataDrivenTesting" time="0.012"/>
  <system-out/>
</testsuite> <!-- com.nn.apibootcamp.utilities.ExcelUtility2 -->
