<?xml version="1.0" encoding="UTF-8"?>
<!-- Generated by org.testng.reporters.JUnitReportReporter -->
<testsuite hostname="Poojas-MBP.lan" failures="0" tests="2" name="com.nn.apibootcamp.test.DELETE_NegativeTestCase" time="0.647" errors="0" timestamp="2025-02-10T12:21:16 EST" skipped="0">
  <testcase classname="com.nn.apibootcamp.test.DELETE_NegativeTestCase" name="Validate_DeleteEndPoint" time="0.283"/>
  <system-out/>
  <testcase classname="com.nn.apibootcamp.test.DELETE_NegativeTestCase" name="Validate_deleteBy_incorrectUserId" time="0.364"/>
  <system-out/>
</testsuite> <!-- com.nn.apibootcamp.test.DELETE_NegativeTestCase -->
