<?xml version="1.0" encoding="UTF-8"?>
<!-- Generated by org.testng.reporters.JUnitReportReporter -->
<testsuite hostname="Poojas-MBP.lan" failures="0" tests="3" name="com.nn.apibootcamp.test.GET_NegativeTestCase" time="1.018" errors="0" timestamp="2025-02-10T12:21:16 EST" skipped="0">
  <testcase classname="com.nn.apibootcamp.test.GET_NegativeTestCase" name="validate_GetByincorrectUseriD" time="0.370"/>
  <system-out/>
  <testcase classname="com.nn.apibootcamp.test.GET_NegativeTestCase" name="validate_GetEndpoint" time="0.285"/>
  <system-out/>
  <testcase classname="com.nn.apibootcamp.test.GET_NegativeTestCase" name="validate_GetByincorrectFirstName" time="0.363"/>
  <system-out/>
</testsuite> <!-- com.nn.apibootcamp.test.GET_NegativeTestCase -->
