<?xml version="1.0" encoding="UTF-8"?>
<!-- Generated by org.testng.reporters.JUnitReportReporter -->
<testsuite hostname="Poojas-MBP.lan" failures="0" tests="2" name="com.nn.apibootcamp.test.PUT_NegativeTestCase" time="0.551" errors="0" timestamp="2025-02-10T12:21:16 EST" skipped="0">
  <testcase classname="com.nn.apibootcamp.test.PUT_NegativeTestCase" name="validate_Update_uniqueField_constraint" time="0.281"/>
  <system-out/>
  <testcase classname="com.nn.apibootcamp.test.PUT_NegativeTestCase" name="validate_incorrect_putEndpoint" time="0.270"/>
  <system-out/>
</testsuite> <!-- com.nn.apibootcamp.test.PUT_NegativeTestCase -->
