<?xml version="1.0" encoding="UTF-8"?>
<!-- Generated by org.testng.reporters.JUnitReportReporter -->
<testsuite hostname="Poojas-MBP.lan" failures="0" tests="5" name="com.nn.apibootcamp.test.UserApiTest" time="3.877" errors="0" timestamp="2025-02-09T22:34:35 EST" skipped="0">
  <testcase classname="com.nn.apibootcamp.test.UserApiTest" name="testCreateUser" time="2.633"/>
  <system-out/>
  <testcase classname="com.nn.apibootcamp.test.UserApiTest" name="testGetUserByFirstName" time="0.319"/>
  <system-out/>
  <testcase classname="com.nn.apibootcamp.test.UserApiTest" name="testGetUserByUserId" time="0.359"/>
  <system-out/>
  <testcase classname="com.nn.apibootcamp.test.UserApiTest" name="testUpdateUser" time="0.284"/>
  <system-out/>
  <testcase classname="com.nn.apibootcamp.test.UserApiTest" name="testDeleteByUserId" time="0.282"/>
  <system-out/>
</testsuite> <!-- com.nn.apibootcamp.test.UserApiTest -->
