<?xml version="1.0" encoding="UTF-8"?>
<!-- Generated by org.testng.reporters.JUnitReportReporter -->
<testsuite hostname="Poojas-MBP.lan" failures="0" tests="5" name="com.nn.apibootcamp.test.API_Chaining_PositiveTestCase" time="5.282" errors="0" timestamp="2025-02-10T12:21:16 EST" skipped="0">
  <testcase classname="com.nn.apibootcamp.test.API_Chaining_PositiveTestCase" name="testCreateUser" time="3.917"/>
  <system-out/>
  <testcase classname="com.nn.apibootcamp.test.API_Chaining_PositiveTestCase" name="testGetUserByFirstName" time="0.338"/>
  <system-out/>
  <testcase classname="com.nn.apibootcamp.test.API_Chaining_PositiveTestCase" name="testGetUserByUserId" time="0.375"/>
  <system-out/>
  <testcase classname="com.nn.apibootcamp.test.API_Chaining_PositiveTestCase" name="testUpdateUser" time="0.362"/>
  <system-out/>
  <testcase classname="com.nn.apibootcamp.test.API_Chaining_PositiveTestCase" name="testDeleteByUserId" time="0.290"/>
  <system-out/>
</testsuite> <!-- com.nn.apibootcamp.test.API_Chaining_PositiveTestCase -->
